[infosparks2k22.vercel.app/index.html]
[cdn.jsdelivr.net/npm/bootstrap@5.1.3/dist/css/bootstrap.min.css]
[cdn.jsdelivr.net/npm/bootstrap-icons@1.8.1/font/bootstrap-icons.css]
[cdn.jsdelivr.net/npm/boxicons@2.0.5/css/boxicons.min.css]
[backblue.gif]
[fade.gif]
[index.html]
[infosparks2k22.vercel.app/index.css]
[infosparks2k22.vercel.app/assets/kare_logo.png]
[infosparks2k22.vercel.app/index-2.html]
[infosparks2k22.vercel.app/assets/block.JPG]
[infosparks2k22.vercel.app/assets/DSC_1193.JPG]
[infosparks2k22.vercel.app/assets/DSC_0986.JPG]
[infosparks2k22.vercel.app/index.js]
[cdn.jsdelivr.net/npm/bootstrap@5.1.3/dist/js/bootstrap.bundle.min.js]
[infosparks2k22.vercel.app/index.html]
[cdn.jsdelivr.net/npm/bootstrap@5.1.3/dist/css/bootstrap.min.css]
[cdn.jsdelivr.net/npm/bootstrap-icons@1.8.1/font/fonts/bootstrap-icons44df.woff2]
[cdn.jsdelivr.net/npm/bootstrap-icons@1.8.1/font/fonts/bootstrap-icons44df.woff]
[cdn.jsdelivr.net/npm/bootstrap-icons@1.8.1/font/bootstrap-icons.css]
[cdn.jsdelivr.net/npm/boxicons@2.0.5/css/boxicons.min.css]
[infosparks2k22.vercel.app/assets/bg1.jpg]
[infosparks2k22.vercel.app/assets/blind.jpg]
[infosparks2k22.vercel.app/assets/web.jpg]
[infosparks2k22.vercel.app/assets/scavenger.jpg]
[infosparks2k22.vercel.app/assets/paper.jpg]
[infosparks2k22.vercel.app/assets/poster.jpg]
[infosparks2k22.vercel.app/assets/photography.jpg]
[infosparks2k22.vercel.app/assets/bgmi.jpg]
[infosparks2k22.vercel.app/assets/insta.jpg]
[infosparks2k22.vercel.app/assets/firefree.jpg]
[infosparks2k22.vercel.app/index.css]
[infosparks2k22.vercel.app/index-2.html]
